Using pre-set license
Built from '2020.3/staging' branch; Version is '2020.3.19f1 (68f137dc9bbe) revision 6877495'; Using compiler version '192528614'; Build Type 'Release'
OS: 'Windows 10 Pro; OS build 19043.1288; Version 2009; 64bit' Language: 'ru' Physical Memory: 12245 MB
BatchMode: 1, IsHumanControllingUs: 0, StartBugReporterOnCrash: 0, Is64bit: 1, IsPro: 0

COMMAND LINE ARGUMENTS:
C:\Program Files\Unity\Hub\Editor\2020.3.19f1\Editor\Unity.exe
-adb2
-batchMode
-noUpm
-name
AssetImportWorker39
-projectPath
D:/unity/UIMainMenu
-logFile
Logs/AssetImportWorker39.log
-srvPort
62151
Successfully changed project path to: D:/unity/UIMainMenu
D:/unity/UIMainMenu
Using Asset Import Pipeline V2.
received signal from system: SIGSEGV
Stack trace:
0x00007ff6139478dc (Unity) StackWalker::GetCurrentCallstack
0x00007ff61394ff79 (Unity) StackWalker::ShowCallstack
0x00007ff614e73ddc (Unity) GetStacktrace
0x00007ff613946f44 (Unity) winutils::CrashHandler::DefaultSignalHandler
0x00007ff616d2be72 (Unity) seh_filter_exe
0x00007ff6171007a9 (Unity) `__scrt_common_main_seh'::`1'::filt$0
0x00007ff616cf9a58 (Unity) _C_specific_handler
0x00007ff831ed20cf (ntdll) _chkstk
0x00007ff831e81454 (ntdll) RtlRaiseException
0x00007ff831ed0bfe (ntdll) KiUserExceptionDispatcher
0x00007ff61501b5ed (Unity) SyncAssetFoldersWithDB
0x00007ff615002119 (Unity) InitializeAssetDatabaseV2
0x00007ff614f53ca5 (Unity) AssetDatabase::InitializeAssetDatabase
0x00007ff6144d43b0 (Unity) Application::InitializeProject
0x00007ff614e81342 (Unity) WinMain
0x00007ff616cd69b6 (Unity) __scrt_common_main_seh
0x00007ff831827034 (KERNEL32) BaseThreadInitThunk
0x00007ff831e82651 (ntdll) RtlUserThreadStart

