Using pre-set license
Built from '2020.3/staging' branch; Version is '2020.3.19f1 (68f137dc9bbe) revision 6877495'; Using compiler version '192528614'; Build Type 'Release'
OS: 'Windows 10 Pro; OS build 19043.1288; Version 2009; 64bit' Language: 'ru' Physical Memory: 12245 MB
BatchMode: 1, IsHumanControllingUs: 0, StartBugReporterOnCrash: 0, Is64bit: 1, IsPro: 0

COMMAND LINE ARGUMENTS:
C:\Program Files\Unity\Hub\Editor\2020.3.19f1\Editor\Unity.exe
-adb2
-batchMode
-noUpm
-name
AssetImportWorker84
-projectPath
D:/unity/UIMainMenu
-logFile
Logs/AssetImportWorker84.log
-srvPort
50901
Successfully changed project path to: D:/unity/UIMainMenu
D:/unity/UIMainMenu
Using Asset Import Pipeline V2.
received signal from system: SIGSEGV
Stack trace:
0x00007ff78d3178dc (Unity) StackWalker::GetCurrentCallstack
0x00007ff78d31ff79 (Unity) StackWalker::ShowCallstack
0x00007ff78e843ddc (Unity) GetStacktrace
0x00007ff78d316f44 (Unity) winutils::CrashHandler::DefaultSignalHandler
0x00007ff7906fbe72 (Unity) seh_filter_exe
0x00007ff790ad07a9 (Unity) `__scrt_common_main_seh'::`1'::filt$0
0x00007ff7906c9a58 (Unity) _C_specific_handler
0x00007ff831ed20cf (ntdll) _chkstk
0x00007ff831e81454 (ntdll) RtlRaiseException
0x00007ff831ed0bfe (ntdll) KiUserExceptionDispatcher
0x00007ff78e9eb5ed (Unity) SyncAssetFoldersWithDB
0x00007ff78e9d2119 (Unity) InitializeAssetDatabaseV2
0x00007ff78e923ca5 (Unity) AssetDatabase::InitializeAssetDatabase
0x00007ff78dea43b0 (Unity) Application::InitializeProject
0x00007ff78e851342 (Unity) WinMain
0x00007ff7906a69b6 (Unity) __scrt_common_main_seh
0x00007ff831827034 (KERNEL32) BaseThreadInitThunk
0x00007ff831e82651 (ntdll) RtlUserThreadStart

